#
# A fatal error has been detected by the Java Runtime Environment:
#
#  Internal Error (javaClasses.cpp:136), pid=9168, tid=8464
#  fatal error: Invalid layout of preloaded class
#
# JRE version:  (7.0_67-b01) (build )
# Java VM: Java HotSpot(TM) Client VM (24.65-b04 mixed mode windows-x86 )
# Failed to write core dump. Minidumps are not enabled by default on client versions of Windows
#
# If you would like to submit a bug report, please visit:
#   http://bugreport.sun.com/bugreport/crash.jsp
#

---------------  T H R E A D  ---------------

Current thread (0x0177c800):  JavaThread "Unknown thread" [_thread_in_vm, id=8464, stack(0x01640000,0x01690000)]

Stack: [0x01640000,0x01690000],  sp=0x0168f398,  free space=316k
Native frames: (J=compiled Java code, j=interpreted, Vv=VM code, C=native code)
V  [jvm.dll+0x190494]
V  [jvm.dll+0x18a116]
V  [jvm.dll+0x35d7a]
V  [jvm.dll+0x35e06]
V  [jvm.dll+0x4465d]
V  [jvm.dll+0x4490e]
V  [jvm.dll+0x92f8a]
V  [jvm.dll+0x9333b]
V  [jvm.dll+0x13fa31]
V  [jvm.dll+0x1626fc]
V  [jvm.dll+0xc9d6f]
C  [javaw.exe+0x13ce]
C  [javaw.exe+0x1e40]
C  [javaw.exe+0xa601]
C  [javaw.exe+0xa68b]
C  [kernel32.dll+0x4ed5c]
C  [ntdll.dll+0x637eb]
C  [ntdll.dll+0x637be]


---------------  P R O C E S S  ---------------

Java Threads: ( => current thread )

Other Threads:

=>0x0177c800 (exited) JavaThread "Unknown thread" [_thread_in_vm, id=8464, stack(0x01640000,0x01690000)]

VM state:not at safepoint (not fully initialized)

VM Mutex/Monitor currently owned by a thread: None

GC Heap History (0 events):
No events

Deoptimization events (0 events):
No events

Internal exceptions (0 events):
No events

Events (10 events):
Event: 0.378 loading class 0x005a9218 done
Event: 0.378 loading class 0x005a8ca8 done
Event: 0.378 loading class 0x005a8c88
Event: 0.379 loading class 0x005afff8
Event: 0.379 loading class 0x005afff8 done
Event: 0.379 loading class 0x005b0028
Event: 0.379 loading class 0x005b0028 done
Event: 0.379 loading class 0x005b0058
Event: 0.379 loading class 0x005b0058 done
Event: 0.379 loading class 0x005a8c88 done


Dynamic libraries:
0x009b0000 - 0x009df000 	D:\codingtools\jdk1.7\bin\javaw.exe
0x76f20000 - 0x7705c000 	C:\Windows\SYSTEM32\ntdll.dll
0x75af0000 - 0x75bc4000 	C:\Windows\system32\kernel32.dll
0x75210000 - 0x7525b000 	C:\Windows\system32\KERNELBASE.dll
0x75d30000 - 0x75dd0000 	C:\Windows\system32\ADVAPI32.dll
0x75810000 - 0x758bc000 	C:\Windows\system32\msvcrt.dll
0x75ac0000 - 0x75ad9000 	C:\Windows\SYSTEM32\sechost.dll
0x76d30000 - 0x76dd2000 	C:\Windows\system32\RPCRT4.dll
0x75c60000 - 0x75d29000 	C:\Windows\system32\USER32.dll
0x76ac0000 - 0x76b0e000 	C:\Windows\system32\GDI32.dll
0x76de0000 - 0x76dea000 	C:\Windows\system32\LPK.dll
0x75a20000 - 0x75abd000 	C:\Windows\system32\USP10.dll
0x73b70000 - 0x73d0e000 	C:\Windows\WinSxS\x86_microsoft.windows.common-controls_6595b64144ccf1df_6.0.7601.17514_none_41e6975e2bd6f2b2\COMCTL32.dll
0x76e70000 - 0x76ec7000 	C:\Windows\system32\SHLWAPI.dll
0x77060000 - 0x7707f000 	C:\Windows\system32\IMM32.DLL
0x77080000 - 0x7714c000 	C:\Windows\system32\MSCTF.dll
0x67f30000 - 0x67fef000 	D:\codingtools\jdk1.7\jre\bin\msvcr100.dll
0x59a40000 - 0x59dc8000 	D:\codingtools\jdk1.7\jre\bin\client\jvm.dll
0x672c0000 - 0x672c7000 	C:\Windows\system32\WSOCK32.dll
0x75500000 - 0x75535000 	C:\Windows\system32\WS2_32.dll
0x754f0000 - 0x754f6000 	C:\Windows\system32\NSI.dll
0x73550000 - 0x73582000 	C:\Windows\system32\WINMM.dll
0x76a20000 - 0x76a25000 	C:\Windows\system32\PSAPI.DLL
0x723d0000 - 0x723dc000 	D:\codingtools\jdk1.7\jre\bin\verify.dll
0x5b300000 - 0x5b320000 	D:\codingtools\jdk1.7\jre\bin\java.dll
0x56060000 - 0x5608a000 	D:\codingtools\jdk1.7\jre\bin\jdwp.dll
0x5b2e0000 - 0x5b2e7000 	D:\codingtools\jdk1.7\jre\bin\npt.dll
0x66a00000 - 0x66a13000 	D:\codingtools\jdk1.7\jre\bin\zip.dll
0x6f2c0000 - 0x6f3ab000 	C:\Windows\system32\dbghelp.dll

VM Arguments:
jvm_args: -agentlib:jdwp=transport=dt_socket,suspend=y,address=localhost:50673 -Dfile.encoding=UTF-8 -Xbootclasspath:D:\codingtools\androidsdk\adt-bundle-windows-x86-20131030\sdk\platforms\android-19\android.jar 
java_command: com.circlemenu.TestMath
Launcher Type: SUN_STANDARD

Environment Variables:
CLASSPATH=D:\codingtools\jdk1.7\lib
PATH=D:\codingtools\jdk1.7\jre\bin;D:/codingtools/jdk1.7/bin/../jre/bin/client;D:/codingtools/jdk1.7/bin/../jre/bin;D:/codingtools/jdk1.7/bin/../jre/lib/i386;D:\codingtools\jdk1.7\bin;C:\Program Files\Intel\iCLS Client\;C:\Windows\system32;C:\Windows;C:\Windows\System32\Wbem;C:\Windows\System32\WindowsPowerShell\v1.0\;C:\Program Files\Intel\Intel(R) Management Engine Components\DAL;C:\Program Files\Intel\Intel(R) Management Engine Components\IPT;C:\Program Files\TortoiseSVN\bin;C:\Program Files\Subversion\bin;D:\codingtools\jdk1.7\bin;D:\codingtools\androidsdk\adt-bundle-windows-x86-20131030\eclipse;
USERNAME=mbn
OS=Windows_NT
PROCESSOR_IDENTIFIER=x86 Family 6 Model 60 Stepping 3, GenuineIntel



---------------  S Y S T E M  ---------------

OS: Windows 7 Build 7601 Service Pack 1

CPU:total 4 (4 cores per cpu, 1 threads per core) family 6 model 60 stepping 3, cmov, cx8, fxsr, mmx, sse, sse2, sse3, ssse3, sse4.1, sse4.2, popcnt, avx, avx2, aes, erms, tsc, tscinvbit

Memory: 4k page, physical 3583004k(855064k free), swap 7164256k(3920940k free)

vm_info: Java HotSpot(TM) Client VM (24.65-b04) for windows-x86 JRE (1.7.0_67-b01), built on Jul 25 2014 10:20:53 by "java_re" with unknown MS VC++:1600

time: Mon Feb 09 09:59:50 2015
elapsed time: 0 seconds

